[20:03:11] [ITEM_LISTED]: lacomesandi11 vendio 32 x Birch Planks  por $1.000 en world
[20:03:36] [ITEM_SOLD]: lacomesandi11 vendido 32 x Birch Planks a  DasVicgeta por $1.000 el world
[20:05:41] [ITEM_LISTED]: lacomesandi11 vendio 1 x DIARIA Key  por $3.000 en world
[20:44:55] [ITEM_RETURNED]: Devuelto 1 x DIARIA Key  a lacomesandi11 el world
[20:44:55] [ITEM_CANCELLED]: lacomesandi11 canceló una subasta para 1x DIARIA Key por $3.000 en world
[20:47:59] [ITEM_LISTED]: lacomesandi11 vendio 64 x Cobblestone  por $1.000 en world
[20:48:06] [ITEM_SOLD]: lacomesandi11 vendido 64 x Cobblestone a  karlito101 por $1.000 el world
[21:04:35] [ITEM_LISTED]: karlito101 vendio 16 x End Crystal  por $15.000 en world
[21:05:38] [ITEM_LISTED]: karlito101 vendio 4 x Chicken Spawn Egg  por $4.300 en world
[21:09:56] [ITEM_SOLD]: karlito101 vendido 4 x Chicken Spawn Egg a  lacomesandi11 por $4.300 el world
[21:13:55] [ITEM_LISTED]: karlito101 vendio 3 x POLVO EPICO  [Mending] por $21.000 en world
[21:14:16] [ITEM_LISTED]: DasVicgeta vendio 1 x EL TERMINATOR 500  [Efficiency 50, Fortune 50, Unbreaking X] por $10.000 en world
[21:14:48] [ITEM_SOLD]: DasVicgeta vendido 1 x EL TERMINATOR 500 a  [Efficiency 50, Fortune 50, Unbreaking X] karlito101 por $10.000 el world
[21:22:34] [ITEM_LISTED]: karlito101 vendio 64 x Rib Armor Trim Smithing Template  por $40.000 en world
[21:28:54] [ITEM_RETURNED]: Devuelto 16 x End Crystal  a karlito101 el world
[21:28:54] [ITEM_CANCELLED]: karlito101 canceló una subasta para 16x End Crystal por $15.000 en world
[21:29:00] [ITEM_LISTED]: karlito101 vendio 1 x EL TERMINATOR 500  [Efficiency 50, Fortune 50, Mending, Unbreaking X] por $71.000 en world
[21:30:05] [ITEM_RETURNED]: Devuelto 3 x POLVO EPICO  [Mending] a karlito101 el world
[21:30:05] [ITEM_CANCELLED]: karlito101 canceló una subasta para 3x POLVO EPICO [Mending] por $21.000 en world
[21:30:06] [ITEM_RETURNED]: Devuelto 64 x Rib Armor Trim Smithing Template  a karlito101 el world
[21:30:06] [ITEM_CANCELLED]: karlito101 canceló una subasta para 64x Rib Armor Trim Smithing Template por $40.000 en world
[21:30:20] [ITEM_LISTED]: karlito101 vendio 1 x Mejora de Rango  [Mending] por $11.000 en world
[21:31:56] [ITEM_LISTED]: karlito101 vendio 1 x POLVO EPICO  [Mending] por $7.100 en world
[21:32:16] [ITEM_SOLD]: karlito101 vendido 1 x POLVO EPICO a  [Mending] lacomesandi11 por $7.100 el world
[21:32:34] [ITEM_LISTED]: lacomesandi11 vendio 1 x POLVO EPICO  [Mending] por $6.500 en world
[21:32:50] [ITEM_CANCELLED]: lacomesandi11 canceló una subasta para 1x POLVO EPICO [Mending] por $6.500 en world
[21:32:50] [ITEM_RETURNED]: Devuelto 1 x POLVO EPICO  [Mending] a lacomesandi11 el world
[21:35:27] [ITEM_LISTED]: karlito101 vendio 1 x ᴘʀᴏᴛᴇᴄᴄɪᴏɴ 50x50  [Lure 0] por $14.100 en world
[21:36:24] [ITEM_LISTED]: lacomesandi11 vendio 2 x POLVO EPICO  [Mending] por $11.000 en world
[21:36:38] [ITEM_RETURNED]: Devuelto 2 x POLVO EPICO  [Mending] a lacomesandi11 el world
[21:36:38] [ITEM_CANCELLED]: lacomesandi11 canceló una subasta para 2x POLVO EPICO [Mending] por $11.000 en world
[21:36:54] [ITEM_LISTED]: lacomesandi11 vendio 2 x POLVO EPICO  [Mending] por $9.500 en world
[21:45:40] [ITEM_CANCELLED]: karlito101 canceló una subasta para 1x Mejora de Rango [Mending] por $11.000 en world
[21:45:40] [ITEM_RETURNED]: Devuelto 1 x Mejora de Rango  [Mending] a karlito101 el world
[22:01:03] [ITEM_LISTED]: karlito101 vendio 1 x POLVO COMUN  [Mending] por $2.000 en world
[22:01:09] [ITEM_SOLD]: karlito101 vendido 1 x POLVO COMUN a  [Mending] lacomesandi11 por $2.000 el world
[22:01:39] [ITEM_LISTED]: karlito101 vendio 2 x POLVO COMUN  [Mending] por $4.000 en world
[22:01:49] [ITEM_SOLD]: karlito101 vendido 2 x POLVO COMUN a  [Mending] lacomesandi11 por $4.000 el world
[22:02:26] [ITEM_LISTED]: DasVicgeta vendio 64 x Cobblestone  por $1.000 en world
[22:02:27] [ITEM_LISTED]: DasVicgeta vendio 64 x Cobblestone  por $1.000 en world
[22:02:29] [ITEM_LISTED]: DasVicgeta vendio 64 x Cobblestone  por $1.000 en world
[22:03:50] [ITEM_LISTED]: lacomesandi11 vendio 4 x POLVO COMUN  [Mending] por $7.500 en world
[22:04:30] [ITEM_SOLD]: lacomesandi11 vendido 4 x POLVO COMUN a  [Mending] DasVicgeta por $7.500 el world
[22:05:03] [ITEM_LISTED]: DasVicgeta vendio 4 x POLVO COMUN  [Mending] por $1.000 en world
[22:05:10] [ITEM_LISTED]: DasVicgeta vendio 64 x Cobblestone  por $500 en world
[22:05:13] [ITEM_LISTED]: DasVicgeta vendio 64 x Cobblestone  por $500 en world
[22:05:14] [ITEM_LISTED]: DasVicgeta vendio 64 x Cobblestone  por $500 en world
[22:05:15] [ITEM_LISTED]: DasVicgeta vendio 64 x Cobblestone  por $500 en world
[22:05:28] [ITEM_SOLD]: DasVicgeta vendido 64 x Cobblestone a  karlito101 por $500 el world
[22:05:29] [ITEM_SOLD]: DasVicgeta vendido 64 x Cobblestone a  karlito101 por $500 el world
[22:05:43] [ITEM_SOLD]: DasVicgeta vendido 4 x POLVO COMUN a  [Mending] lacomesandi11 por $1.000 el world
[22:07:02] [ITEM_LISTED]: lacomesandi11 vendio 1 x Bendición del Agricultor  [Mending] por $20.000 en world
[22:08:43] [ITEM_CANCELLED]: karlito101 canceló una subasta para 1x EL TERMINATOR 500 [Efficiency 50, Fortune 50, Mending, Unbreaking X] por $71.000 en world
[22:08:43] [ITEM_RETURNED]: Devuelto 1 x EL TERMINATOR 500  [Efficiency 50, Fortune 50, Mending, Unbreaking X] a karlito101 el world
[22:09:15] [ITEM_LISTED]: karlito101 vendio 1 x EL TERMINATOR 500  [Efficiency 50, Fortune 50, Mending, Unbreaking X] por $20.000 en world
[22:10:27] [ITEM_SOLD]: karlito101 vendido 1 x ᴘʀᴏᴛᴇᴄᴄɪᴏɴ 50x50 a  [Lure 0] lacomesandi11 por $14.100 el world
[22:14:27] [ITEM_CANCELLED]: lacomesandi11 canceló una subasta para 2x POLVO EPICO [Mending] por $9.500 en world
[22:14:27] [ITEM_RETURNED]: Devuelto 2 x POLVO EPICO  [Mending] a lacomesandi11 el world
[22:16:36] [ITEM_LISTED]: saquiador3000 vendio 1 x ᴘʀᴏᴛᴇᴄᴄɪᴏɴ 50x50  [Lure 0] por $50.000 en world
[22:20:28] [ITEM_CANCELLED]: karlito101 canceló una subasta para 1x EL TERMINATOR 500 [Efficiency 50, Fortune 50, Mending, Unbreaking X] por $20.000 en world
[22:20:28] [ITEM_RETURNED]: Devuelto 1 x EL TERMINATOR 500  [Efficiency 50, Fortune 50, Mending, Unbreaking X] a karlito101 el world
[22:38:28] [ITEM_LISTED]: saquiador3000 vendio 2 x POLVO COMUN  [Mending] por $5.000 en world
