[2024/10/01 21:19:43]: §9          __             _       
[2024/10/01 21:19:43]: §9  _ __   / /  ___   __ _(_)_ __  
[2024/10/01 21:19:43]: §9 | '_ \ / /  / _ \ / _` | | '_ \ 
[2024/10/01 21:19:43]: §9 | | | / /__| (_) | (_| | | | | |
[2024/10/01 21:19:43]: §9 |_| |_\____/\___/ \__, |_|_| |_|
[2024/10/01 21:19:43]: §9                  |___/            
[2024/10/01 21:19:43]: §9 By: www.nickuc.com - V 10.3.28
[2024/10/01 21:19:43]: §9 
[2024/10/01 21:19:43]: §3[nLogin] [DEBUG] All settings were loaded in 122 ms.
[2024/10/01 21:19:43]: §3[nLogin] [DEBUG] Loading the messages_es.yml message file...
[2024/10/01 21:19:43]: §3[nLogin] [DEBUG] All plugin messages were loaded in 61 ms (languageByClient=false).
[2024/10/01 21:19:43]: §3[nLogin] [DEBUG] All proxy settings were loaded in 1 ms.
[2024/10/01 21:19:43]: §3[nLogin] [DEBUG] Loading database...
[2024/10/01 21:19:43]: §3[nLogin] [DEBUG] Starting logger filter...
[2024/10/01 21:23:00]: §3[nLogin] [DEBUG] [SQLite] [UPDATE]: "UPDATE `nlogin` SET `last_name` = 'karlito101', `unique_id` = 0fc226d00754340ba2c259159dd1c18d,  `mojang_id` = null,  `bedrock_id` = null,  `password` = '$2a$10$/0IUA5REerw2JhyCkIdiH.kOFHVIwy8nh4PfyBHgtBTFjMWJXhMZm', `last_ip` = '127.0.0.1', `creation_date` = 2024-09-28 21:40:17.621, `last_seen` = 2024-10-01 21:23:00.263, `email` = null, `discord` = null, `settings` = '{"settings":[{"value":"es","key":"language"}],"version":0}' WHERE `ai` = 6" (applied to [last_ip, last_seen, settings] columns)
[2024/10/01 21:23:00]: [nLogin] The user karlito101 has successfully logged in.
[2024/10/01 21:28:14]: §3[nLogin] [DEBUG] [SQLite] [UPDATE]: "UPDATE `nlogin` SET `last_name` = 'saquiador3000', `unique_id` = 772f75a79934342499c42557b30164f7,  `mojang_id` = null,  `bedrock_id` = null,  `password` = '$2a$10$pPMZRgCxmk4K6aRuvp9lc.BgVRMT3OVuL18gNYk4/RWXL99Eyyg7C', `last_ip` = '127.0.0.1', `creation_date` = 2024-09-29 19:41:30.16, `last_seen` = 2024-10-01 21:28:14.834, `email` = null, `discord` = null, `settings` = '{"settings":[{"value":"es","key":"language"}],"version":0}' WHERE `ai` = 8" (applied to [last_ip, last_seen, settings] columns)
[2024/10/01 21:28:14]: [nLogin] The user saquiador3000 has successfully logged in.
[2024/10/01 21:28:59]: §3[nLogin] [DEBUG] [SQLite] [UPDATE]: "UPDATE `nlogin` SET `last_name` = 'saquiador3000', `unique_id` = 772f75a79934342499c42557b30164f7,  `mojang_id` = null,  `bedrock_id` = null,  `password` = '$2a$10$pPMZRgCxmk4K6aRuvp9lc.BgVRMT3OVuL18gNYk4/RWXL99Eyyg7C', `last_ip` = '127.0.0.1', `creation_date` = 2024-09-29 19:41:30.16, `last_seen` = 2024-10-01 21:28:59.252, `email` = null, `discord` = null, `settings` = '{"settings":[{"value":"es","key":"language"}],"version":0}' WHERE `ai` = 8" (applied to [last_seen, settings] columns)
[2024/10/01 21:29:38]: §3[nLogin] [DEBUG] [SQLite] [UPDATE]: "UPDATE `nlogin` SET `last_name` = 'saquiador3000', `unique_id` = 772f75a79934342499c42557b30164f7,  `mojang_id` = null,  `bedrock_id` = null,  `password` = '$2a$10$pPMZRgCxmk4K6aRuvp9lc.BgVRMT3OVuL18gNYk4/RWXL99Eyyg7C', `last_ip` = '127.0.0.1', `creation_date` = 2024-09-29 19:41:30.16, `last_seen` = 2024-10-01 21:29:38.543, `email` = null, `discord` = null, `settings` = '{"settings":[{"value":"es","key":"language"}],"version":0}' WHERE `ai` = 8" (applied to [last_ip, last_seen, settings] columns)
[2024/10/01 21:29:38]: [nLogin] The user saquiador3000 has successfully logged in.
[2024/10/01 21:30:07]: §4[nLogin] [ERROR] §c[Premium] Cannot handle incoming packet using ProtocolLib
java.lang.NullPointerException: Cannot invoke "java.lang.Enum.name()" because "generic" is null
	at ProtocolLib.jar//com.comphenix.protocol.wrappers.EnumWrappers$EnumConverter.getSpecific(EnumWrappers.java:867)
	at ProtocolLib.jar//com.comphenix.protocol.wrappers.EnumWrappers$EnumConverter.getSpecific(EnumWrappers.java:853)
	at ProtocolLib.jar//com.comphenix.protocol.reflect.StructureModifier.readInternal(StructureModifier.java:300)
	at ProtocolLib.jar//com.comphenix.protocol.reflect.StructureModifier.read(StructureModifier.java:250)
	at com.nickuc.login.ρμςχΦβνδιδΦπ.a(:51)
	at com.nickuc.login.ρμςχΦβνδιδΦπ.onPacketReceiving(:93)
	at ProtocolLib.jar//com.comphenix.protocol.injector.SortedPacketListenerList.invokeReceivingListener(SortedPacketListenerList.java:122)
	at ProtocolLib.jar//com.comphenix.protocol.injector.SortedPacketListenerList.invokePacketRecieving(SortedPacketListenerList.java:75)
	at ProtocolLib.jar//com.comphenix.protocol.injector.PacketFilterManager.postPacketToListeners(PacketFilterManager.java:555)
	at ProtocolLib.jar//com.comphenix.protocol.injector.PacketFilterManager.invokePacketReceiving(PacketFilterManager.java:519)
	at ProtocolLib.jar//com.comphenix.protocol.injector.netty.manager.NetworkManagerInjector.onPacketReceiving(NetworkManagerInjector.java:127)
	at ProtocolLib.jar//com.comphenix.protocol.injector.netty.channel.NettyChannelInjector.processInboundPacket(NettyChannelInjector.java:488)
	at ProtocolLib.jar//com.comphenix.protocol.injector.netty.channel.InboundPacketInterceptor.channelRead(InboundPacketInterceptor.java:33)
	at io.netty.channel.AbstractChannelHandlerContext.invokeChannelRead(AbstractChannelHandlerContext.java:444)
	at io.netty.channel.AbstractChannelHandlerContext.invokeChannelRead(AbstractChannelHandlerContext.java:420)
	at io.netty.channel.AbstractChannelHandlerContext.fireChannelRead(AbstractChannelHandlerContext.java:412)
	at io.netty.handler.codec.ByteToMessageDecoder.fireChannelRead(ByteToMessageDecoder.java:346)
	at io.netty.handler.codec.ByteToMessageDecoder.channelRead(ByteToMessageDecoder.java:318)
	at io.netty.channel.AbstractChannelHandlerContext.invokeChannelRead(AbstractChannelHandlerContext.java:444)
	at io.netty.channel.AbstractChannelHandlerContext.invokeChannelRead(AbstractChannelHandlerContext.java:420)
	at io.netty.channel.AbstractChannelHandlerContext.fireChannelRead(AbstractChannelHandlerContext.java:412)
	at io.netty.handler.codec.MessageToMessageDecoder.channelRead(MessageToMessageDecoder.java:103)
	at io.netty.channel.AbstractChannelHandlerContext.invokeChannelRead(AbstractChannelHandlerContext.java:444)
	at io.netty.channel.AbstractChannelHandlerContext.invokeChannelRead(AbstractChannelHandlerContext.java:420)
	at io.netty.channel.AbstractChannelHandlerContext.fireChannelRead(AbstractChannelHandlerContext.java:412)
	at io.netty.handler.codec.ByteToMessageDecoder.fireChannelRead(ByteToMessageDecoder.java:346)
	at io.netty.handler.codec.ByteToMessageDecoder.fireChannelRead(ByteToMessageDecoder.java:333)
	at io.netty.handler.codec.ByteToMessageDecoder.callDecode(ByteToMessageDecoder.java:454)
	at io.netty.handler.codec.ByteToMessageDecoder.channelRead(ByteToMessageDecoder.java:290)
	at io.netty.channel.AbstractChannelHandlerContext.invokeChannelRead(AbstractChannelHandlerContext.java:444)
	at io.netty.channel.AbstractChannelHandlerContext.invokeChannelRead(AbstractChannelHandlerContext.java:420)
	at io.netty.channel.AbstractChannelHandlerContext.fireChannelRead(AbstractChannelHandlerContext.java:412)
	at net.minecraft.server.network.LegacyPingHandler.channelRead(LegacyPingHandler.java:122)
	at io.netty.channel.AbstractChannelHandlerContext.invokeChannelRead(AbstractChannelHandlerContext.java:444)
	at io.netty.channel.AbstractChannelHandlerContext.invokeChannelRead(AbstractChannelHandlerContext.java:420)
	at io.netty.channel.AbstractChannelHandlerContext.fireChannelRead(AbstractChannelHandlerContext.java:412)
	at io.netty.handler.timeout.IdleStateHandler.channelRead(IdleStateHandler.java:286)
	at io.netty.channel.AbstractChannelHandlerContext.invokeChannelRead(AbstractChannelHandlerContext.java:442)
	at io.netty.channel.AbstractChannelHandlerContext.invokeChannelRead(AbstractChannelHandlerContext.java:420)
	at io.netty.channel.AbstractChannelHandlerContext.fireChannelRead(AbstractChannelHandlerContext.java:412)
	at io.netty.handler.flush.FlushConsolidationHandler.channelRead(FlushConsolidationHandler.java:152)
	at io.netty.channel.AbstractChannelHandlerContext.invokeChannelRead(AbstractChannelHandlerContext.java:442)
	at io.netty.channel.AbstractChannelHandlerContext.invokeChannelRead(AbstractChannelHandlerContext.java:420)
	at io.netty.channel.AbstractChannelHandlerContext.fireChannelRead(AbstractChannelHandlerContext.java:412)
	at io.netty.channel.DefaultChannelPipeline$HeadContext.channelRead(DefaultChannelPipeline.java:1410)
	at io.netty.channel.AbstractChannelHandlerContext.invokeChannelRead(AbstractChannelHandlerContext.java:440)
	at io.netty.channel.AbstractChannelHandlerContext.invokeChannelRead(AbstractChannelHandlerContext.java:420)
	at io.netty.channel.DefaultChannelPipeline.fireChannelRead(DefaultChannelPipeline.java:919)
	at io.netty.channel.epoll.AbstractEpollStreamChannel$EpollStreamUnsafe.epollInReady(AbstractEpollStreamChannel.java:800)
	at io.netty.channel.epoll.EpollEventLoop.processReady(EpollEventLoop.java:499)
	at io.netty.channel.epoll.EpollEventLoop.run(EpollEventLoop.java:397)
	at io.netty.util.concurrent.SingleThreadEventExecutor$4.run(SingleThreadEventExecutor.java:997)
	at io.netty.util.internal.ThreadExecutorMap$2.run(ThreadExecutorMap.java:74)
	at java.base/java.lang.Thread.run(Thread.java:1583)
[2024/10/01 21:30:16]: §3[nLogin] [DEBUG] [SQLite] [UPDATE]: "INSERT INTO `nlogin` (`last_name`, `unique_id`, `mojang_id`, `bedrock_id`, `password`, `last_ip`, `creation_date`, `last_seen`, `email`, `discord`, `settings`) VALUES ('ffassola87s1s4s', a209e29effdb399ebed95a5d98c4254e, null, null, '$2a$10$LKr6jpDPeqz94S.60QRHpeuc0EmSSBgJppMPDhHejwxG86Ey7hlxG', '127.0.0.1', '2024-10-01 21:30:16.114', '2024-10-01 21:30:16.114', null, null, null)" (applied to all columns)
[2024/10/01 21:30:16]: [nLogin] The user ffassola87s1s4s has successfully registered.
[2024/10/01 21:31:48]: §3[nLogin] [DEBUG] [SQLite] [UPDATE]: "UPDATE `nlogin` SET `last_name` = 'DasVicgeta', `unique_id` = 7e385908e08e3ca0ac2129b5090dec62,  `mojang_id` = null,  `bedrock_id` = null,  `password` = '$2a$10$/pWyCtGjQaYJBxkwhPWpeeptUvzWjU97zM.Ges2F/vyglHsWC3VtO', `last_ip` = '127.0.0.1', `creation_date` = 2024-07-25 11:58:28.36, `last_seen` = 2024-10-01 21:31:47.988, `email` = null, `discord` = null, `settings` = '{"settings":[{"value":"es","key":"language"}],"version":0}' WHERE `ai` = 1" (applied to [last_ip, last_seen, settings] columns)
[2024/10/01 21:31:48]: [nLogin] The user DasVicgeta has successfully logged in.
[2024/10/01 21:49:00]: [nLogin] Successful plugin core shutdown (took 0.00s)
