[2024/08/01 16:50:57]: §9          __             _       
[2024/08/01 16:50:57]: §9  _ __   / /  ___   __ _(_)_ __  
[2024/08/01 16:50:57]: §9 | '_ \ / /  / _ \ / _` | | '_ \ 
[2024/08/01 16:50:57]: §9 | | | / /__| (_) | (_| | | | | |
[2024/08/01 16:50:57]: §9 |_| |_\____/\___/ \__, |_|_| |_|
[2024/08/01 16:50:57]: §9                  |___/            
[2024/08/01 16:50:57]: §9 By: www.nickuc.com - V 10.3.28
[2024/08/01 16:50:57]: §9 
[2024/08/01 16:50:58]: §3[nLogin] [DEBUG] All settings were loaded in 244 ms.
[2024/08/01 16:50:58]: §3[nLogin] [DEBUG] Loading the messages_es.yml message file...
[2024/08/01 16:50:58]: §3[nLogin] [DEBUG] All plugin messages were loaded in 151 ms (languageByClient=false).
[2024/08/01 16:50:58]: §3[nLogin] [DEBUG] All proxy settings were loaded in 3 ms.
[2024/08/01 16:50:58]: §3[nLogin] [DEBUG] Loading database...
[2024/08/01 16:50:59]: §3[nLogin] [DEBUG] Starting logger filter...
[2024/08/01 16:51:53]: §3[nLogin] [DEBUG] [SQLite] [UPDATE]: "UPDATE `nlogin` SET `last_name` = 'DasVicgeta', `unique_id` = 7e385908e08e3ca0ac2129b5090dec62,  `mojang_id` = null,  `bedrock_id` = null,  `password` = '$2a$10$/pWyCtGjQaYJBxkwhPWpeeptUvzWjU97zM.Ges2F/vyglHsWC3VtO', `last_ip` = '127.0.0.1', `creation_date` = 2024-07-25 07:58:28.36, `last_seen` = 2024-08-01 16:51:53.264, `email` = null, `discord` = null, `settings` = '{"settings":[{"value":"es","key":"language"}],"version":0}' WHERE `ai` = 1" (applied to [last_ip, last_seen, settings] columns)
[2024/08/01 16:51:53]: [nLogin] The user DasVicgeta has successfully logged in.
[2024/08/01 17:39:37]: §3[nLogin] [DEBUG] [SQLite] [UPDATE]: "UPDATE `nlogin` SET `last_name` = 'DasVicgeta', `unique_id` = 7e385908e08e3ca0ac2129b5090dec62,  `mojang_id` = null,  `bedrock_id` = null,  `password` = '$2a$10$/pWyCtGjQaYJBxkwhPWpeeptUvzWjU97zM.Ges2F/vyglHsWC3VtO', `last_ip` = '127.0.0.1', `creation_date` = 2024-07-25 07:58:28.36, `last_seen` = 2024-08-01 17:39:37.34, `email` = null, `discord` = null, `settings` = '{"settings":[{"value":"es","key":"language"}],"version":0}' WHERE `ai` = 1" (applied to [last_seen, settings] columns)
[2024/08/01 17:39:47]: §3[nLogin] [DEBUG] [SQLite] [UPDATE]: "UPDATE `nlogin` SET `last_name` = 'DasVicgeta', `unique_id` = 7e385908e08e3ca0ac2129b5090dec62,  `mojang_id` = null,  `bedrock_id` = null,  `password` = '$2a$10$/pWyCtGjQaYJBxkwhPWpeeptUvzWjU97zM.Ges2F/vyglHsWC3VtO', `last_ip` = '127.0.0.1', `creation_date` = 2024-07-25 07:58:28.36, `last_seen` = 2024-08-01 17:39:47.927, `email` = null, `discord` = null, `settings` = '{"settings":[{"value":"es","key":"language"}],"version":0}' WHERE `ai` = 1" (applied to [last_ip, last_seen, settings] columns)
[2024/08/01 17:39:47]: [nLogin] The user DasVicgeta has successfully logged in.
[2024/08/01 17:40:17]: [nLogin] Successful plugin core shutdown (took 0.01s)
