[2024/10/01 21:50:05]: §9          __             _       
[2024/10/01 21:50:05]: §9  _ __   / /  ___   __ _(_)_ __  
[2024/10/01 21:50:05]: §9 | '_ \ / /  / _ \ / _` | | '_ \ 
[2024/10/01 21:50:05]: §9 | | | / /__| (_) | (_| | | | | |
[2024/10/01 21:50:05]: §9 |_| |_\____/\___/ \__, |_|_| |_|
[2024/10/01 21:50:05]: §9                  |___/            
[2024/10/01 21:50:05]: §9 By: www.nickuc.com - V 10.3.28
[2024/10/01 21:50:05]: §9 
[2024/10/01 21:50:06]: §3[nLogin] [DEBUG] All settings were loaded in 117 ms.
[2024/10/01 21:50:06]: §3[nLogin] [DEBUG] Loading the messages_es.yml message file...
[2024/10/01 21:50:06]: §3[nLogin] [DEBUG] All plugin messages were loaded in 101 ms (languageByClient=false).
[2024/10/01 21:50:06]: §3[nLogin] [DEBUG] All proxy settings were loaded in 2 ms.
[2024/10/01 21:50:06]: §3[nLogin] [DEBUG] Loading database...
[2024/10/01 21:50:06]: §3[nLogin] [DEBUG] Starting logger filter...
[2024/10/01 21:50:58]: §3[nLogin] [DEBUG] [SQLite] [UPDATE]: "UPDATE `nlogin` SET `last_name` = 'karlito101', `unique_id` = 0fc226d00754340ba2c259159dd1c18d,  `mojang_id` = null,  `bedrock_id` = null,  `password` = '$2a$10$/0IUA5REerw2JhyCkIdiH.kOFHVIwy8nh4PfyBHgtBTFjMWJXhMZm', `last_ip` = '127.0.0.1', `creation_date` = 2024-09-28 21:40:17.621, `last_seen` = 2024-10-01 21:50:57.993, `email` = null, `discord` = null, `settings` = '{"settings":[{"value":"es","key":"language"}],"version":0}' WHERE `ai` = 6" (applied to [last_ip, last_seen, settings] columns)
[2024/10/01 21:50:58]: [nLogin] The user karlito101 has successfully logged in.
[2024/10/01 21:51:16]: §3[nLogin] [DEBUG] The lacomesandi11 (127.0.0.1) player entered an incorrect password
[2024/10/01 21:51:36]: §3[nLogin] [DEBUG] [SQLite] [UPDATE]: "UPDATE `nlogin` SET `last_name` = 'DasVicgeta', `unique_id` = 7e385908e08e3ca0ac2129b5090dec62,  `mojang_id` = null,  `bedrock_id` = null,  `password` = '$2a$10$/pWyCtGjQaYJBxkwhPWpeeptUvzWjU97zM.Ges2F/vyglHsWC3VtO', `last_ip` = '127.0.0.1', `creation_date` = 2024-07-25 11:58:28.36, `last_seen` = 2024-10-01 21:51:36.87, `email` = null, `discord` = null, `settings` = '{"settings":[{"value":"es","key":"language"}],"version":0}' WHERE `ai` = 1" (applied to [last_ip, last_seen, settings] columns)
[2024/10/01 21:51:36]: [nLogin] The user DasVicgeta has successfully logged in.
[2024/10/01 21:52:54]: §3[nLogin] [DEBUG] [SQLite] [UPDATE]: "UPDATE `nlogin` SET `last_name` = 'DasVicgeta', `unique_id` = 7e385908e08e3ca0ac2129b5090dec62,  `mojang_id` = null,  `bedrock_id` = null,  `password` = '$2a$10$/pWyCtGjQaYJBxkwhPWpeeptUvzWjU97zM.Ges2F/vyglHsWC3VtO', `last_ip` = '127.0.0.1', `creation_date` = 2024-07-25 11:58:28.36, `last_seen` = 2024-10-01 21:52:54.849, `email` = null, `discord` = null, `settings` = '{"settings":[{"value":"es","key":"language"}],"version":0}' WHERE `ai` = 1" (applied to [last_seen, settings] columns)
[2024/10/01 21:53:01]: [nLogin] Successful plugin core shutdown (took 0.00s)
