[2024/08/04 16:53:36]: §9          __             _       
[2024/08/04 16:53:36]: §9  _ __   / /  ___   __ _(_)_ __  
[2024/08/04 16:53:36]: §9 | '_ \ / /  / _ \ / _` | | '_ \ 
[2024/08/04 16:53:36]: §9 | | | / /__| (_) | (_| | | | | |
[2024/08/04 16:53:36]: §9 |_| |_\____/\___/ \__, |_|_| |_|
[2024/08/04 16:53:36]: §9                  |___/            
[2024/08/04 16:53:36]: §9 By: www.nickuc.com - V 10.3.28
[2024/08/04 16:53:36]: §9 
[2024/08/04 16:53:36]: §3[nLogin] [DEBUG] All settings were loaded in 213 ms.
[2024/08/04 16:53:37]: §3[nLogin] [DEBUG] Loading the messages_es.yml message file...
[2024/08/04 16:53:37]: §3[nLogin] [DEBUG] All plugin messages were loaded in 144 ms (languageByClient=false).
[2024/08/04 16:53:37]: §3[nLogin] [DEBUG] All proxy settings were loaded in 3 ms.
[2024/08/04 16:53:37]: §3[nLogin] [DEBUG] Loading database...
[2024/08/04 16:53:37]: §3[nLogin] [DEBUG] Starting logger filter...
[2024/08/04 16:54:48]: §3[nLogin] [DEBUG] [SQLite] [UPDATE]: "INSERT INTO `nlogin` (`last_name`, `unique_id`, `mojang_id`, `bedrock_id`, `password`, `last_ip`, `creation_date`, `last_seen`, `email`, `discord`, `settings`) VALUES ('Niz4Eva', fe80f8a52afc3026a930842644e5ce46, null, null, '$2a$10$j9NEaYZECki37MqdI1teuOA99KIB5zuq01O.wsmiucygqUjHiOX4e', '127.0.0.1', '2024-08-04 16:54:47.991', '2024-08-04 16:54:47.991', null, null, null)" (applied to all columns)
[2024/08/04 16:54:48]: [nLogin] The user Niz4Eva has successfully registered.
[2024/08/04 17:08:06]: §3[nLogin] [DEBUG] [SQLite] [UPDATE]: "UPDATE `nlogin` SET `last_name` = 'Niz4Eva', `unique_id` = fe80f8a52afc3026a930842644e5ce46,  `mojang_id` = null,  `bedrock_id` = null,  `password` = '$2a$10$j9NEaYZECki37MqdI1teuOA99KIB5zuq01O.wsmiucygqUjHiOX4e', `last_ip` = '127.0.0.1', `creation_date` = 2024-08-04 16:54:47.991, `last_seen` = 2024-08-04 17:08:06.494, `email` = null, `discord` = null, `settings` = '{"settings":[{"value":"es","key":"language"}],"version":0}' WHERE `ai` = 3" (applied to [last_seen, settings] columns)
[2024/08/04 17:14:10]: §3[nLogin] [DEBUG] [SQLite] [UPDATE]: "UPDATE `nlogin` SET `last_name` = 'Niz4Eva', `unique_id` = fe80f8a52afc3026a930842644e5ce46,  `mojang_id` = null,  `bedrock_id` = null,  `password` = '$2a$10$j9NEaYZECki37MqdI1teuOA99KIB5zuq01O.wsmiucygqUjHiOX4e', `last_ip` = '127.0.0.1', `creation_date` = 2024-08-04 16:54:47.991, `last_seen` = 2024-08-04 17:14:10.249, `email` = null, `discord` = null, `settings` = '{"settings":[{"value":"es","key":"language"}],"version":0}' WHERE `ai` = 3" (applied to [last_ip, last_seen, settings] columns)
[2024/08/04 17:14:10]: [nLogin] The user Niz4Eva has successfully logged in.
[2024/08/04 17:17:58]: §3[nLogin] [DEBUG] [SQLite] [UPDATE]: "UPDATE `nlogin` SET `last_name` = 'Niz4Eva', `unique_id` = fe80f8a52afc3026a930842644e5ce46,  `mojang_id` = null,  `bedrock_id` = null,  `password` = '$2a$10$j9NEaYZECki37MqdI1teuOA99KIB5zuq01O.wsmiucygqUjHiOX4e', `last_ip` = '127.0.0.1', `creation_date` = 2024-08-04 16:54:47.991, `last_seen` = 2024-08-04 17:17:58.439, `email` = null, `discord` = null, `settings` = '{"settings":[{"value":"es","key":"language"}],"version":0}' WHERE `ai` = 3" (applied to [last_seen, settings] columns)
[2024/08/04 17:18:01]: [nLogin] Successful plugin core shutdown (took 0.01s)
